<?xml version="1.0" encoding="UTF-8"?>
<!-- Generated by org.testng.reporters.JUnitReportReporter -->
<testsuite hostname="VIGNESH" failures="0" tests="1" name="automation.TestNew" time="6.521" errors="0" timestamp="2023-10-20T06:26:06 EDT" skipped="0">
  <testcase classname="automation.TestNew" name="TC02" time="6.521"/>
</testsuite> <!-- automation.TestNew -->
